#
# There is insufficient memory for the Java Runtime Environment to continue.
# Native memory allocation (malloc) failed to allocate 330368 bytes for Chunk::new
# Possible reasons:
#   The system is out of physical RAM or swap space
#   The process is running with CompressedOops enabled, and the Java Heap may be blocking the growth of the native heap
# Possible solutions:
#   Reduce memory load on the system
#   Increase physical memory or swap space
#   Check if swap backing store is full
#   Decrease Java heap size (-Xmx/-Xms)
#   Decrease number of Java threads
#   Decrease Java thread stack sizes (-Xss)
#   Set larger code cache with -XX:ReservedCodeCacheSize=
#   JVM is running with Zero Based Compressed Oops mode in which the Java heap is
#     placed in the first 32GB address space. The Java Heap base address is the
#     maximum limit for the native heap growth. Please use -XX:HeapBaseMinAddress
#     to set the Java Heap base and to place the Java Heap above 32GB virtual address.
# This output file may be truncated or incomplete.
#
#  Out of Memory Error (arena.cpp:189), pid=12764, tid=35148
#
# JRE version: Java(TM) SE Runtime Environment (17.0.2+8) (build 17.0.2+8-LTS-86)
# Java VM: Java HotSpot(TM) 64-Bit Server VM (17.0.2+8-LTS-86, mixed mode, sharing, tiered, compressed oops, compressed class ptrs, g1 gc, windows-amd64)
# No core dump will be written. Minidumps are not enabled by default on client versions of Windows
#

---------------  S U M M A R Y ------------

Command Line: -Dfile.encoding=UTF-8 -XX:+ShowCodeDetailsInExceptionMessages View.test

Host: Intel(R) Core(TM) i7-9750H CPU @ 2.60GHz, 12 cores, 15G,  Windows 10 , 64 bit Build 19041 (10.0.19041.1645)
Time: Sat May  7 11:06:13 2022 SE Asia Standard Time elapsed time: 0.697785 seconds (0d 0h 0m 0s)

---------------  T H R E A D  ---------------

Current thread (0x00000174277efb40):  JavaThread "C2 CompilerThread1" daemon [_thread_in_native, id=35148, stack(0x000000609f730000,0x000000609f830000)]


Current CompileTask:
C2:    697 1114 %     4       sun.java2d.marlin.MarlinCache::copyAARowRLE_WithBlockFlags @ 195 (733 bytes)

Stack: [0x000000609f730000,0x000000609f830000]
Native frames: (J=compiled Java code, j=interpreted, Vv=VM code, C=native code)
V  [jvm.dll+0x670baa]
V  [jvm.dll+0x7cfcb4]
V  [jvm.dll+0x7d145e]
V  [jvm.dll+0x7d1ac3]
V  [jvm.dll+0x242bc5]
V  [jvm.dll+0xaa57b]
V  [jvm.dll+0xaab0c]
V  [jvm.dll+0x35fd07]
V  [jvm.dll+0x1b9b68]
V  [jvm.dll+0x215de9]
V  [jvm.dll+0x2150b1]
V  [jvm.dll+0x1a1bbd]
V  [jvm.dll+0x224908]
V  [jvm.dll+0x222a6c]
V  [jvm.dll+0x7859bb]
V  [jvm.dll+0x77ff7a]
V  [jvm.dll+0x66fa35]
C  [ucrtbase.dll+0x21bb2]
C  [KERNEL32.DLL+0x17034]
C  [ntdll.dll+0x52651]


---------------  P R O C E S S  ---------------

Threads class SMR info:
_java_thread_list=0x000001742de503d0, length=19, elements={
0x00000174257ab6b0, 0x00000174257ad180, 0x00000174257bf0e0, 0x00000174257c1ab0,
0x00000174257c2370, 0x00000174257c2c30, 0x00000174257c58e0, 0x00000174257c6290,
0x00000174257c6b90, 0x0000017426217ed0, 0x0000017426224a70, 0x0000017426432e10,
0x00000174264332e0, 0x0000017426455d10, 0x00000174264f2850, 0x000001740260d740,
0x0000017427550f50, 0x00000174277efb40, 0x000001742de45040
}

Java Threads: ( => current thread )
  0x00000174257ab6b0 JavaThread "Reference Handler" daemon [_thread_blocked, id=31960, stack(0x000000609e400000,0x000000609e500000)]
  0x00000174257ad180 JavaThread "Finalizer" daemon [_thread_blocked, id=32112, stack(0x000000609e500000,0x000000609e600000)]
  0x00000174257bf0e0 JavaThread "Signal Dispatcher" daemon [_thread_blocked, id=17252, stack(0x000000609e600000,0x000000609e700000)]
  0x00000174257c1ab0 JavaThread "Attach Listener" daemon [_thread_blocked, id=27060, stack(0x000000609e700000,0x000000609e800000)]
  0x00000174257c2370 JavaThread "Service Thread" daemon [_thread_blocked, id=30416, stack(0x000000609e800000,0x000000609e900000)]
  0x00000174257c2c30 JavaThread "Monitor Deflation Thread" daemon [_thread_blocked, id=41196, stack(0x000000609e900000,0x000000609ea00000)]
  0x00000174257c58e0 JavaThread "C2 CompilerThread0" daemon [_thread_blocked, id=23116, stack(0x000000609ea00000,0x000000609eb00000)]
  0x00000174257c6290 JavaThread "C1 CompilerThread0" daemon [_thread_in_native, id=27120, stack(0x000000609eb00000,0x000000609ec00000)]
  0x00000174257c6b90 JavaThread "Sweeper thread" daemon [_thread_blocked, id=37056, stack(0x000000609ec00000,0x000000609ed00000)]
  0x0000017426217ed0 JavaThread "Notification Thread" daemon [_thread_blocked, id=4216, stack(0x000000609ed00000,0x000000609ee00000)]
  0x0000017426224a70 JavaThread "Common-Cleaner" daemon [_thread_blocked, id=18848, stack(0x000000609ef00000,0x000000609f000000)]
  0x0000017426432e10 JavaThread "Java2D Disposer" daemon [_thread_blocked, id=25116, stack(0x000000609f000000,0x000000609f100000)]
  0x00000174264332e0 JavaThread "AWT-Shutdown" [_thread_blocked, id=27876, stack(0x000000609f100000,0x000000609f200000)]
  0x0000017426455d10 JavaThread "AWT-Windows" daemon [_thread_in_native, id=16092, stack(0x000000609f200000,0x000000609f300000)]
  0x00000174264f2850 JavaThread "AWT-EventQueue-0" [_thread_in_Java, id=24516, stack(0x000000609f300000,0x000000609f400000)]
  0x000001740260d740 JavaThread "DestroyJavaVM" [_thread_blocked, id=21312, stack(0x000000609dd00000,0x000000609de00000)]
  0x0000017427550f50 JavaThread "Image Fetcher 0" daemon [_thread_blocked, id=35992, stack(0x000000609f630000,0x000000609f730000)]
=>0x00000174277efb40 JavaThread "C2 CompilerThread1" daemon [_thread_in_native, id=35148, stack(0x000000609f730000,0x000000609f830000)]
  0x000001742de45040 JavaThread "D3D Screen Updater" daemon [_thread_blocked, id=38652, stack(0x000000609fb30000,0x000000609fc30000)]

Other Threads:
  0x00000174257a6ba0 VMThread "VM Thread" [stack: 0x000000609e300000,0x000000609e400000] [id=40008]
  0x00000174262187b0 WatcherThread [stack: 0x000000609ee00000,0x000000609ef00000] [id=35088]
  0x000001740265d7c0 GCTaskThread "GC Thread#0" [stack: 0x000000609de00000,0x000000609df00000] [id=18224]
  0x000001740266ec40 ConcurrentGCThread "G1 Main Marker" [stack: 0x000000609df00000,0x000000609e000000] [id=12616]
  0x000001740266f560 ConcurrentGCThread "G1 Conc#0" [stack: 0x000000609e000000,0x000000609e100000] [id=28784]
  0x00000174256620d0 ConcurrentGCThread "G1 Refine#0" [stack: 0x000000609e100000,0x000000609e200000] [id=31608]
  0x0000017425662a00 ConcurrentGCThread "G1 Service" [stack: 0x000000609e200000,0x000000609e300000] [id=41860]

Threads with active compile tasks:
C1 CompilerThread0      720 1228       3       sun.java2d.marlin.Renderer::_endRendering (2480 bytes)
C2 CompilerThread1      720 1114 %     4       sun.java2d.marlin.MarlinCache::copyAARowRLE_WithBlockFlags @ 195 (733 bytes)

VM state: not at safepoint (normal execution)

VM Mutex/Monitor currently owned by a thread: None

Heap address: 0x0000000701600000, size: 4074 MB, Compressed Oops mode: Zero based, Oop shift amount: 3

CDS archive(s) mapped at: [0x0000000800000000-0x0000000800bc0000-0x0000000800bc0000), size 12320768, SharedBaseAddress: 0x0000000800000000, ArchiveRelocationMode: 0.
Compressed class space mapped at: 0x0000000800c00000-0x0000000840c00000, reserved size: 1073741824
Narrow klass base: 0x0000000800000000, Narrow klass shift: 0, Narrow klass range: 0x100000000

GC Precious Log:
 CPUs: 12 total, 12 available
 Memory: 16294M
 Large Page Support: Disabled
 NUMA Support: Disabled
 Compressed Oops: Enabled (Zero based)
 Heap Region Size: 2M
 Heap Min Capacity: 8M
 Heap Initial Capacity: 256M
 Heap Max Capacity: 4074M
 Pre-touch: Disabled
 Parallel Workers: 10
 Concurrent Workers: 3
 Concurrent Refinement Workers: 10
 Periodic GC: Disabled

Heap:
 garbage-first heap   total 262144K, used 10240K [0x0000000701600000, 0x0000000800000000)
  region size 2048K, 6 young (12288K), 0 survivors (0K)
 Metaspace       used 11376K, committed 11584K, reserved 1064960K
  class space    used 1390K, committed 1472K, reserved 1048576K

Heap Regions: E=young(eden), S=young(survivor), O=old, HS=humongous(starts), HC=humongous(continues), CS=collection set, F=free, OA=open archive, CA=closed archive, TAMS=top-at-mark-start (previous, next)
|   0|0x0000000701600000, 0x0000000701600000, 0x0000000701800000|  0%| F|  |TAMS 0x0000000701600000, 0x0000000701600000| Untracked 
|   1|0x0000000701800000, 0x0000000701800000, 0x0000000701a00000|  0%| F|  |TAMS 0x0000000701800000, 0x0000000701800000| Untracked 
|   2|0x0000000701a00000, 0x0000000701a00000, 0x0000000701c00000|  0%| F|  |TAMS 0x0000000701a00000, 0x0000000701a00000| Untracked 
|   3|0x0000000701c00000, 0x0000000701c00000, 0x0000000701e00000|  0%| F|  |TAMS 0x0000000701c00000, 0x0000000701c00000| Untracked 
|   4|0x0000000701e00000, 0x0000000701e00000, 0x0000000702000000|  0%| F|  |TAMS 0x0000000701e00000, 0x0000000701e00000| Untracked 
|   5|0x0000000702000000, 0x0000000702000000, 0x0000000702200000|  0%| F|  |TAMS 0x0000000702000000, 0x0000000702000000| Untracked 
|   6|0x0000000702200000, 0x0000000702200000, 0x0000000702400000|  0%| F|  |TAMS 0x0000000702200000, 0x0000000702200000| Untracked 
|   7|0x0000000702400000, 0x0000000702400000, 0x0000000702600000|  0%| F|  |TAMS 0x0000000702400000, 0x0000000702400000| Untracked 
|   8|0x0000000702600000, 0x0000000702600000, 0x0000000702800000|  0%| F|  |TAMS 0x0000000702600000, 0x0000000702600000| Untracked 
|   9|0x0000000702800000, 0x0000000702800000, 0x0000000702a00000|  0%| F|  |TAMS 0x0000000702800000, 0x0000000702800000| Untracked 
|  10|0x0000000702a00000, 0x0000000702a00000, 0x0000000702c00000|  0%| F|  |TAMS 0x0000000702a00000, 0x0000000702a00000| Untracked 
|  11|0x0000000702c00000, 0x0000000702c00000, 0x0000000702e00000|  0%| F|  |TAMS 0x0000000702c00000, 0x0000000702c00000| Untracked 
|  12|0x0000000702e00000, 0x0000000702e00000, 0x0000000703000000|  0%| F|  |TAMS 0x0000000702e00000, 0x0000000702e00000| Untracked 
|  13|0x0000000703000000, 0x0000000703000000, 0x0000000703200000|  0%| F|  |TAMS 0x0000000703000000, 0x0000000703000000| Untracked 
|  14|0x0000000703200000, 0x0000000703200000, 0x0000000703400000|  0%| F|  |TAMS 0x0000000703200000, 0x0000000703200000| Untracked 
|  15|0x0000000703400000, 0x0000000703400000, 0x0000000703600000|  0%| F|  |TAMS 0x0000000703400000, 0x0000000703400000| Untracked 
|  16|0x0000000703600000, 0x0000000703600000, 0x0000000703800000|  0%| F|  |TAMS 0x0000000703600000, 0x0000000703600000| Untracked 
|  17|0x0000000703800000, 0x0000000703800000, 0x0000000703a00000|  0%| F|  |TAMS 0x0000000703800000, 0x0000000703800000| Untracked 
|  18|0x0000000703a00000, 0x0000000703a00000, 0x0000000703c00000|  0%| F|  |TAMS 0x0000000703a00000, 0x0000000703a00000| Untracked 
|  19|0x0000000703c00000, 0x0000000703c00000, 0x0000000703e00000|  0%| F|  |TAMS 0x0000000703c00000, 0x0000000703c00000| Untracked 
|  20|0x0000000703e00000, 0x0000000703e00000, 0x0000000704000000|  0%| F|  |TAMS 0x0000000703e00000, 0x0000000703e00000| Untracked 
|  21|0x0000000704000000, 0x0000000704000000, 0x0000000704200000|  0%| F|  |TAMS 0x0000000704000000, 0x0000000704000000| Untracked 
|  22|0x0000000704200000, 0x0000000704200000, 0x0000000704400000|  0%| F|  |TAMS 0x0000000704200000, 0x0000000704200000| Untracked 
|  23|0x0000000704400000, 0x0000000704400000, 0x0000000704600000|  0%| F|  |TAMS 0x0000000704400000, 0x0000000704400000| Untracked 
|  24|0x0000000704600000, 0x0000000704600000, 0x0000000704800000|  0%| F|  |TAMS 0x0000000704600000, 0x0000000704600000| Untracked 
|  25|0x0000000704800000, 0x0000000704800000, 0x0000000704a00000|  0%| F|  |TAMS 0x0000000704800000, 0x0000000704800000| Untracked 
|  26|0x0000000704a00000, 0x0000000704a00000, 0x0000000704c00000|  0%| F|  |TAMS 0x0000000704a00000, 0x0000000704a00000| Untracked 
|  27|0x0000000704c00000, 0x0000000704c00000, 0x0000000704e00000|  0%| F|  |TAMS 0x0000000704c00000, 0x0000000704c00000| Untracked 
|  28|0x0000000704e00000, 0x0000000704e00000, 0x0000000705000000|  0%| F|  |TAMS 0x0000000704e00000, 0x0000000704e00000| Untracked 
|  29|0x0000000705000000, 0x0000000705000000, 0x0000000705200000|  0%| F|  |TAMS 0x0000000705000000, 0x0000000705000000| Untracked 
|  30|0x0000000705200000, 0x0000000705200000, 0x0000000705400000|  0%| F|  |TAMS 0x0000000705200000, 0x0000000705200000| Untracked 
|  31|0x0000000705400000, 0x0000000705400000, 0x0000000705600000|  0%| F|  |TAMS 0x0000000705400000, 0x0000000705400000| Untracked 
|  32|0x0000000705600000, 0x0000000705600000, 0x0000000705800000|  0%| F|  |TAMS 0x0000000705600000, 0x0000000705600000| Untracked 
|  33|0x0000000705800000, 0x0000000705800000, 0x0000000705a00000|  0%| F|  |TAMS 0x0000000705800000, 0x0000000705800000| Untracked 
|  34|0x0000000705a00000, 0x0000000705a00000, 0x0000000705c00000|  0%| F|  |TAMS 0x0000000705a00000, 0x0000000705a00000| Untracked 
|  35|0x0000000705c00000, 0x0000000705c00000, 0x0000000705e00000|  0%| F|  |TAMS 0x0000000705c00000, 0x0000000705c00000| Untracked 
|  36|0x0000000705e00000, 0x0000000705e00000, 0x0000000706000000|  0%| F|  |TAMS 0x0000000705e00000, 0x0000000705e00000| Untracked 
|  37|0x0000000706000000, 0x0000000706000000, 0x0000000706200000|  0%| F|  |TAMS 0x0000000706000000, 0x0000000706000000| Untracked 
|  38|0x0000000706200000, 0x0000000706200000, 0x0000000706400000|  0%| F|  |TAMS 0x0000000706200000, 0x0000000706200000| Untracked 
|  39|0x0000000706400000, 0x0000000706400000, 0x0000000706600000|  0%| F|  |TAMS 0x0000000706400000, 0x0000000706400000| Untracked 
|  40|0x0000000706600000, 0x0000000706600000, 0x0000000706800000|  0%| F|  |TAMS 0x0000000706600000, 0x0000000706600000| Untracked 
|  41|0x0000000706800000, 0x0000000706800000, 0x0000000706a00000|  0%| F|  |TAMS 0x0000000706800000, 0x0000000706800000| Untracked 
|  42|0x0000000706a00000, 0x0000000706a00000, 0x0000000706c00000|  0%| F|  |TAMS 0x0000000706a00000, 0x0000000706a00000| Untracked 
|  43|0x0000000706c00000, 0x0000000706c00000, 0x0000000706e00000|  0%| F|  |TAMS 0x0000000706c00000, 0x0000000706c00000| Untracked 
|  44|0x0000000706e00000, 0x0000000706e00000, 0x0000000707000000|  0%| F|  |TAMS 0x0000000706e00000, 0x0000000706e00000| Untracked 
|  45|0x0000000707000000, 0x0000000707000000, 0x0000000707200000|  0%| F|  |TAMS 0x0000000707000000, 0x0000000707000000| Untracked 
|  46|0x0000000707200000, 0x0000000707200000, 0x0000000707400000|  0%| F|  |TAMS 0x0000000707200000, 0x0000000707200000| Untracked 
|  47|0x0000000707400000, 0x0000000707400000, 0x0000000707600000|  0%| F|  |TAMS 0x0000000707400000, 0x0000000707400000| Untracked 
|  48|0x0000000707600000, 0x0000000707600000, 0x0000000707800000|  0%| F|  |TAMS 0x0000000707600000, 0x0000000707600000| Untracked 
|  49|0x0000000707800000, 0x0000000707800000, 0x0000000707a00000|  0%| F|  |TAMS 0x0000000707800000, 0x0000000707800000| Untracked 
|  50|0x0000000707a00000, 0x0000000707a00000, 0x0000000707c00000|  0%| F|  |TAMS 0x0000000707a00000, 0x0000000707a00000| Untracked 
|  51|0x0000000707c00000, 0x0000000707c00000, 0x0000000707e00000|  0%| F|  |TAMS 0x0000000707c00000, 0x0000000707c00000| Untracked 
|  52|0x0000000707e00000, 0x0000000707e00000, 0x0000000708000000|  0%| F|  |TAMS 0x0000000707e00000, 0x0000000707e00000| Untracked 
|  53|0x0000000708000000, 0x0000000708000000, 0x0000000708200000|  0%| F|  |TAMS 0x0000000708000000, 0x0000000708000000| Untracked 
|  54|0x0000000708200000, 0x0000000708200000, 0x0000000708400000|  0%| F|  |TAMS 0x0000000708200000, 0x0000000708200000| Untracked 
|  55|0x0000000708400000, 0x0000000708400000, 0x0000000708600000|  0%| F|  |TAMS 0x0000000708400000, 0x0000000708400000| Untracked 
|  56|0x0000000708600000, 0x0000000708600000, 0x0000000708800000|  0%| F|  |TAMS 0x0000000708600000, 0x0000000708600000| Untracked 
|  57|0x0000000708800000, 0x0000000708800000, 0x0000000708a00000|  0%| F|  |TAMS 0x0000000708800000, 0x0000000708800000| Untracked 
|  58|0x0000000708a00000, 0x0000000708a00000, 0x0000000708c00000|  0%| F|  |TAMS 0x0000000708a00000, 0x0000000708a00000| Untracked 
|  59|0x0000000708c00000, 0x0000000708c00000, 0x0000000708e00000|  0%| F|  |TAMS 0x0000000708c00000, 0x0000000708c00000| Untracked 
|  60|0x0000000708e00000, 0x0000000708e00000, 0x0000000709000000|  0%| F|  |TAMS 0x0000000708e00000, 0x0000000708e00000| Untracked 
|  61|0x0000000709000000, 0x0000000709000000, 0x0000000709200000|  0%| F|  |TAMS 0x0000000709000000, 0x0000000709000000| Untracked 
|  62|0x0000000709200000, 0x0000000709200000, 0x0000000709400000|  0%| F|  |TAMS 0x0000000709200000, 0x0000000709200000| Untracked 
|  63|0x0000000709400000, 0x0000000709400000, 0x0000000709600000|  0%| F|  |TAMS 0x0000000709400000, 0x0000000709400000| Untracked 
|  64|0x0000000709600000, 0x0000000709600000, 0x0000000709800000|  0%| F|  |TAMS 0x0000000709600000, 0x0000000709600000| Untracked 
|  65|0x0000000709800000, 0x0000000709800000, 0x0000000709a00000|  0%| F|  |TAMS 0x0000000709800000, 0x0000000709800000| Untracked 
|  66|0x0000000709a00000, 0x0000000709a00000, 0x0000000709c00000|  0%| F|  |TAMS 0x0000000709a00000, 0x0000000709a00000| Untracked 
|  67|0x0000000709c00000, 0x0000000709c00000, 0x0000000709e00000|  0%| F|  |TAMS 0x0000000709c00000, 0x0000000709c00000| Untracked 
|  68|0x0000000709e00000, 0x0000000709e00000, 0x000000070a000000|  0%| F|  |TAMS 0x0000000709e00000, 0x0000000709e00000| Untracked 
|  69|0x000000070a000000, 0x000000070a000000, 0x000000070a200000|  0%| F|  |TAMS 0x000000070a000000, 0x000000070a000000| Untracked 
|  70|0x000000070a200000, 0x000000070a200000, 0x000000070a400000|  0%| F|  |TAMS 0x000000070a200000, 0x000000070a200000| Untracked 
|  71|0x000000070a400000, 0x000000070a400000, 0x000000070a600000|  0%| F|  |TAMS 0x000000070a400000, 0x000000070a400000| Untracked 
|  72|0x000000070a600000, 0x000000070a600000, 0x000000070a800000|  0%| F|  |TAMS 0x000000070a600000, 0x000000070a600000| Untracked 
|  73|0x000000070a800000, 0x000000070a800000, 0x000000070aa00000|  0%| F|  |TAMS 0x000000070a800000, 0x000000070a800000| Untracked 
|  74|0x000000070aa00000, 0x000000070aa00000, 0x000000070ac00000|  0%| F|  |TAMS 0x000000070aa00000, 0x000000070aa00000| Untracked 
|  75|0x000000070ac00000, 0x000000070ac00000, 0x000000070ae00000|  0%| F|  |TAMS 0x000000070ac00000, 0x000000070ac00000| Untracked 
|  76|0x000000070ae00000, 0x000000070ae00000, 0x000000070b000000|  0%| F|  |TAMS 0x000000070ae00000, 0x000000070ae00000| Untracked 
|  77|0x000000070b000000, 0x000000070b000000, 0x000000070b200000|  0%| F|  |TAMS 0x000000070b000000, 0x000000070b000000| Untracked 
|  78|0x000000070b200000, 0x000000070b200000, 0x000000070b400000|  0%| F|  |TAMS 0x000000070b200000, 0x000000070b200000| Untracked 
|  79|0x000000070b400000, 0x000000070b400000, 0x000000070b600000|  0%| F|  |TAMS 0x000000070b400000, 0x000000070b400000| Untracked 
|  80|0x000000070b600000, 0x000000070b600000, 0x000000070b800000|  0%| F|  |TAMS 0x000000070b600000, 0x000000070b600000| Untracked 
|  81|0x000000070b800000, 0x000000070b800000, 0x000000070ba00000|  0%| F|  |TAMS 0x000000070b800000, 0x000000070b800000| Untracked 
|  82|0x000000070ba00000, 0x000000070ba00000, 0x000000070bc00000|  0%| F|  |TAMS 0x000000070ba00000, 0x000000070ba00000| Untracked 
|  83|0x000000070bc00000, 0x000000070bc00000, 0x000000070be00000|  0%| F|  |TAMS 0x000000070bc00000, 0x000000070bc00000| Untracked 
|  84|0x000000070be00000, 0x000000070be00000, 0x000000070c000000|  0%| F|  |TAMS 0x000000070be00000, 0x000000070be00000| Untracked 
|  85|0x000000070c000000, 0x000000070c000000, 0x000000070c200000|  0%| F|  |TAMS 0x000000070c000000, 0x000000070c000000| Untracked 
|  86|0x000000070c200000, 0x000000070c200000, 0x000000070c400000|  0%| F|  |TAMS 0x000000070c200000, 0x000000070c200000| Untracked 
|  87|0x000000070c400000, 0x000000070c400000, 0x000000070c600000|  0%| F|  |TAMS 0x000000070c400000, 0x000000070c400000| Untracked 
|  88|0x000000070c600000, 0x000000070c600000, 0x000000070c800000|  0%| F|  |TAMS 0x000000070c600000, 0x000000070c600000| Untracked 
|  89|0x000000070c800000, 0x000000070c800000, 0x000000070ca00000|  0%| F|  |TAMS 0x000000070c800000, 0x000000070c800000| Untracked 
|  90|0x000000070ca00000, 0x000000070ca00000, 0x000000070cc00000|  0%| F|  |TAMS 0x000000070ca00000, 0x000000070ca00000| Untracked 
|  91|0x000000070cc00000, 0x000000070cc00000, 0x000000070ce00000|  0%| F|  |TAMS 0x000000070cc00000, 0x000000070cc00000| Untracked 
|  92|0x000000070ce00000, 0x000000070ce00000, 0x000000070d000000|  0%| F|  |TAMS 0x000000070ce00000, 0x000000070ce00000| Untracked 
|  93|0x000000070d000000, 0x000000070d000000, 0x000000070d200000|  0%| F|  |TAMS 0x000000070d000000, 0x000000070d000000| Untracked 
|  94|0x000000070d200000, 0x000000070d200000, 0x000000070d400000|  0%| F|  |TAMS 0x000000070d200000, 0x000000070d200000| Untracked 
|  95|0x000000070d400000, 0x000000070d400000, 0x000000070d600000|  0%| F|  |TAMS 0x000000070d400000, 0x000000070d400000| Untracked 
|  96|0x000000070d600000, 0x000000070d600000, 0x000000070d800000|  0%| F|  |TAMS 0x000000070d600000, 0x000000070d600000| Untracked 
|  97|0x000000070d800000, 0x000000070d800000, 0x000000070da00000|  0%| F|  |TAMS 0x000000070d800000, 0x000000070d800000| Untracked 
|  98|0x000000070da00000, 0x000000070da00000, 0x000000070dc00000|  0%| F|  |TAMS 0x000000070da00000, 0x000000070da00000| Untracked 
|  99|0x000000070dc00000, 0x000000070dc00000, 0x000000070de00000|  0%| F|  |TAMS 0x000000070dc00000, 0x000000070dc00000| Untracked 
| 100|0x000000070de00000, 0x000000070de00000, 0x000000070e000000|  0%| F|  |TAMS 0x000000070de00000, 0x000000070de00000| Untracked 
| 101|0x000000070e000000, 0x000000070e000000, 0x000000070e200000|  0%| F|  |TAMS 0x000000070e000000, 0x000000070e000000| Untracked 
| 102|0x000000070e200000, 0x000000070e200000, 0x000000070e400000|  0%| F|  |TAMS 0x000000070e200000, 0x000000070e200000| Untracked 
| 103|0x000000070e400000, 0x000000070e400000, 0x000000070e600000|  0%| F|  |TAMS 0x000000070e400000, 0x000000070e400000| Untracked 
| 104|0x000000070e600000, 0x000000070e600000, 0x000000070e800000|  0%| F|  |TAMS 0x000000070e600000, 0x000000070e600000| Untracked 
| 105|0x000000070e800000, 0x000000070e800000, 0x000000070ea00000|  0%| F|  |TAMS 0x000000070e800000, 0x000000070e800000| Untracked 
| 106|0x000000070ea00000, 0x000000070ea00000, 0x000000070ec00000|  0%| F|  |TAMS 0x000000070ea00000, 0x000000070ea00000| Untracked 
| 107|0x000000070ec00000, 0x000000070ec00000, 0x000000070ee00000|  0%| F|  |TAMS 0x000000070ec00000, 0x000000070ec00000| Untracked 
| 108|0x000000070ee00000, 0x000000070ee00000, 0x000000070f000000|  0%| F|  |TAMS 0x000000070ee00000, 0x000000070ee00000| Untracked 
| 109|0x000000070f000000, 0x000000070f000000, 0x000000070f200000|  0%| F|  |TAMS 0x000000070f000000, 0x000000070f000000| Untracked 
| 110|0x000000070f200000, 0x000000070f200000, 0x000000070f400000|  0%| F|  |TAMS 0x000000070f200000, 0x000000070f200000| Untracked 
| 111|0x000000070f400000, 0x000000070f400000, 0x000000070f600000|  0%| F|  |TAMS 0x000000070f400000, 0x000000070f400000| Untracked 
| 112|0x000000070f600000, 0x000000070f600000, 0x000000070f800000|  0%| F|  |TAMS 0x000000070f600000, 0x000000070f600000| Untracked 
| 113|0x000000070f800000, 0x000000070f800000, 0x000000070fa00000|  0%| F|  |TAMS 0x000000070f800000, 0x000000070f800000| Untracked 
| 114|0x000000070fa00000, 0x000000070fa00000, 0x000000070fc00000|  0%| F|  |TAMS 0x000000070fa00000, 0x000000070fa00000| Untracked 
| 115|0x000000070fc00000, 0x000000070fc00000, 0x000000070fe00000|  0%| F|  |TAMS 0x000000070fc00000, 0x000000070fc00000| Untracked 
| 116|0x000000070fe00000, 0x000000070fe00000, 0x0000000710000000|  0%| F|  |TAMS 0x000000070fe00000, 0x000000070fe00000| Untracked 
| 117|0x0000000710000000, 0x0000000710000000, 0x0000000710200000|  0%| F|  |TAMS 0x0000000710000000, 0x0000000710000000| Untracked 
| 118|0x0000000710200000, 0x0000000710200000, 0x0000000710400000|  0%| F|  |TAMS 0x0000000710200000, 0x0000000710200000| Untracked 
| 119|0x0000000710400000, 0x0000000710400000, 0x0000000710600000|  0%| F|  |TAMS 0x0000000710400000, 0x0000000710400000| Untracked 
| 120|0x0000000710600000, 0x0000000710600000, 0x0000000710800000|  0%| F|  |TAMS 0x0000000710600000, 0x0000000710600000| Untracked 
| 121|0x0000000710800000, 0x0000000710800000, 0x0000000710a00000|  0%| F|  |TAMS 0x0000000710800000, 0x0000000710800000| Untracked 
| 122|0x0000000710a00000, 0x0000000710a71280, 0x0000000710c00000| 22%| E|  |TAMS 0x0000000710a00000, 0x0000000710a00000| Complete 
| 123|0x0000000710c00000, 0x0000000710e00000, 0x0000000710e00000|100%| E|CS|TAMS 0x0000000710c00000, 0x0000000710c00000| Complete 
| 124|0x0000000710e00000, 0x0000000711000000, 0x0000000711000000|100%| E|CS|TAMS 0x0000000710e00000, 0x0000000710e00000| Complete 
| 125|0x0000000711000000, 0x0000000711200000, 0x0000000711200000|100%| E|CS|TAMS 0x0000000711000000, 0x0000000711000000| Complete 
| 126|0x0000000711200000, 0x0000000711400000, 0x0000000711400000|100%| E|CS|TAMS 0x0000000711200000, 0x0000000711200000| Complete 
| 127|0x0000000711400000, 0x0000000711600000, 0x0000000711600000|100%| E|CS|TAMS 0x0000000711400000, 0x0000000711400000| Complete 

Card table byte_map: [0x0000017419bd0000,0x000001741a3d0000] _byte_map_base: 0x00000174163c5000

Marking Bits (Prev, Next): (CMBitMap*) 0x000001740265dce0, (CMBitMap*) 0x000001740265dd20
 Prev Bits: [0x000001741abd0000, 0x000001741eb78000)
 Next Bits: [0x000001741eb80000, 0x0000017422b28000)

Polling page: 0x00000174005b0000

Metaspace:

Usage:
  Non-class:      9.75 MB used.
      Class:      1.36 MB used.
       Both:     11.11 MB used.

Virtual space:
  Non-class space:       16.00 MB reserved,       9.88 MB ( 62%) committed,  2 nodes.
      Class space:        1.00 GB reserved,       1.44 MB ( <1%) committed,  1 nodes.
             Both:        1.02 GB reserved,      11.31 MB (  1%) committed. 

Chunk freelists:
   Non-Class:  2.11 MB
       Class:  2.61 MB
        Both:  4.72 MB

MaxMetaspaceSize: unlimited
CompressedClassSpaceSize: 1.00 GB
Initial GC threshold: 21.00 MB
Current GC threshold: 21.00 MB
CDS: on
MetaspaceReclaimPolicy: balanced
 - commit_granule_bytes: 65536.
 - commit_granule_words: 8192.
 - virtual_space_node_default_size: 1048576.
 - enlarge_chunks_in_place: 1.
 - new_chunks_are_fully_committed: 0.
 - uncommit_free_chunks: 1.
 - use_allocation_guard: 0.
 - handle_deallocations: 1.


Internal statistics:

num_allocs_failed_limit: 0.
num_arena_births: 120.
num_arena_deaths: 0.
num_vsnodes_births: 3.
num_vsnodes_deaths: 0.
num_space_committed: 181.
num_space_uncommitted: 0.
num_chunks_returned_to_freelist: 0.
num_chunks_taken_from_freelist: 177.
num_chunk_merges: 0.
num_chunk_splits: 97.
num_chunks_enlarged: 36.
num_purges: 0.
num_inconsistent_stats: 0.

CodeHeap 'non-profiled nmethods': size=120000Kb used=352Kb max_used=352Kb free=119647Kb
 bounds [0x0000017411940000, 0x0000017411bb0000, 0x0000017418e70000]
CodeHeap 'profiled nmethods': size=120000Kb used=2126Kb max_used=2126Kb free=117873Kb
 bounds [0x000001740a410000, 0x000001740a680000, 0x0000017411940000]
CodeHeap 'non-nmethods': size=5760Kb used=1325Kb max_used=1339Kb free=4434Kb
 bounds [0x0000017409e70000, 0x000001740a0e0000, 0x000001740a410000]
 total_blobs=1896 nmethods=1230 adapters=579
 compilation: enabled
              stopped_count=0, restarted_count=0
 full_count=0

Compilation events (20 events):
Event: 0.690 Thread 0x00000174257c6290 nmethod 1145 0x000001740a5f8b10 code [0x000001740a5f8d20, 0x000001740a5f93c8]
Event: 0.693 Thread 0x00000174257c6290 1146   !   3       sun.font.FileFontStrike::getCachedGlyphPtr (27 bytes)
Event: 0.693 Thread 0x00000174257c6290 nmethod 1146 0x000001740a5f9710 code [0x000001740a5f9920, 0x000001740a5f9ed8]
Event: 0.693 Thread 0x00000174257c6290 1147       3       java.awt.geom.Rectangle2D$Float::getWidth (6 bytes)
Event: 0.693 Thread 0x00000174257c6290 nmethod 1147 0x000001740a5fa110 code [0x000001740a5fa2a0, 0x000001740a5fa3b8]
Event: 0.693 Thread 0x00000174257c6290 1148       3       sun.java2d.pipe.AlphaColorPipe::renderPathTile (39 bytes)
Event: 0.693 Thread 0x00000174257c6290 nmethod 1148 0x000001740a5fa490 code [0x000001740a5fa640, 0x000001740a5fa9a8]
Event: 0.693 Thread 0x00000174257c6290 1150       3       java.awt.geom.AffineTransform::transform (635 bytes)
Event: 0.694 Thread 0x00000174257c6290 nmethod 1150 0x000001740a5fab10 code [0x000001740a5fade0, 0x000001740a5fc0c8]
Event: 0.694 Thread 0x00000174257c6290 1151       3       sun.java2d.pipe.RenderBuffer::position (11 bytes)
Event: 0.694 Thread 0x00000174257c6290 nmethod 1151 0x000001740a5fca90 code [0x000001740a5fcc20, 0x000001740a5fcd38]
Event: 0.694 Thread 0x00000174257c6290 1149   !   3       sun.java2d.pipe.BufferedMaskFill::MaskFill (247 bytes)
Event: 0.694 Thread 0x00000174257c58e0 1154 %     4       java.awt.LinearGradientPaintContext::fillRaster @ 50 (97 bytes)
Event: 0.695 Thread 0x00000174257c6290 nmethod 1149 0x000001740a5fce10 code [0x000001740a5fd1a0, 0x000001740a5fe738]
Event: 0.695 Thread 0x00000174257c6290 1152       3       sun.java2d.marlin.Helpers::outcode (70 bytes)
Event: 0.695 Thread 0x00000174257c6290 nmethod 1152 0x000001740a5ff490 code [0x000001740a5ff640, 0x000001740a5ff9b8]
Event: 0.695 Thread 0x00000174257c6290 1153       3       sun.java2d.marlin.Renderer::tosubpixy (10 bytes)
Event: 0.695 Thread 0x00000174257c6290 nmethod 1153 0x000001740a5ffb10 code [0x000001740a5ffcc0, 0x000001740a5ffdb8]
Event: 0.696 Thread 0x00000174257c6290 1155       1       java.awt.image.Raster::getSampleModel (5 bytes)
Event: 0.696 Thread 0x00000174257c6290 nmethod 1155 0x0000017411990990 code [0x0000017411990b20, 0x0000017411990bf8]

GC Heap History (0 events):
No events

Deoptimization events (20 events):
Event: 0.548 Thread 0x00000174264f2850 Uncommon trap: trap_request=0xffffffde fr.pc=0x0000017411970914 relative=0x0000000000000194
Event: 0.548 Thread 0x00000174264f2850 Uncommon trap: reason=class_check action=maybe_recompile pc=0x0000017411970914 method=java.lang.String.equals(Ljava/lang/Object;)Z @ 8 c2
Event: 0.548 Thread 0x00000174264f2850 DEOPT PACKING pc=0x0000017411970914 sp=0x000000609f3fc860
Event: 0.548 Thread 0x00000174264f2850 DEOPT UNPACKING pc=0x0000017409ec23a3 sp=0x000000609f3fc7e8 mode 2
Event: 0.549 Thread 0x00000174264f2850 Uncommon trap: trap_request=0xffffffde fr.pc=0x0000017411970914 relative=0x0000000000000194
Event: 0.549 Thread 0x00000174264f2850 Uncommon trap: reason=class_check action=maybe_recompile pc=0x0000017411970914 method=java.lang.String.equals(Ljava/lang/Object;)Z @ 8 c2
Event: 0.549 Thread 0x00000174264f2850 DEOPT PACKING pc=0x0000017411970914 sp=0x000000609f3fc7b0
Event: 0.549 Thread 0x00000174264f2850 DEOPT UNPACKING pc=0x0000017409ec23a3 sp=0x000000609f3fc738 mode 2
Event: 0.658 Thread 0x00000174264f2850 Uncommon trap: trap_request=0xffffff45 fr.pc=0x000001741197a3cc relative=0x000000000000032c
Event: 0.658 Thread 0x00000174264f2850 Uncommon trap: reason=unstable_if action=reinterpret pc=0x000001741197a3cc method=javax.swing.plaf.nimbus.DerivedColor.equals(Ljava/lang/Object;)Z @ 45 c2
Event: 0.658 Thread 0x00000174264f2850 DEOPT PACKING pc=0x000001741197a3cc sp=0x000000609f3fce80
Event: 0.658 Thread 0x00000174264f2850 DEOPT UNPACKING pc=0x0000017409ec23a3 sp=0x000000609f3fce28 mode 2
Event: 0.684 Thread 0x00000174264f2850 DEOPT PACKING pc=0x000001740a5e3bb6 sp=0x000000609f3fce50
Event: 0.684 Thread 0x00000174264f2850 DEOPT UNPACKING pc=0x0000017409ec2b43 sp=0x000000609f3fc200 mode 0
Event: 0.685 Thread 0x00000174264f2850 DEOPT PACKING pc=0x000001740a5e0946 sp=0x000000609f3fcd50
Event: 0.685 Thread 0x00000174264f2850 DEOPT UNPACKING pc=0x0000017409ec2b43 sp=0x000000609f3fc200 mode 0
Event: 0.685 Thread 0x00000174264f2850 DEOPT PACKING pc=0x000001740a5e0946 sp=0x000000609f3fce10
Event: 0.685 Thread 0x00000174264f2850 DEOPT UNPACKING pc=0x0000017409ec2b43 sp=0x000000609f3fc2c0 mode 0
Event: 0.686 Thread 0x00000174264f2850 DEOPT PACKING pc=0x000001740a5e0946 sp=0x000000609f3fce10
Event: 0.686 Thread 0x00000174264f2850 DEOPT UNPACKING pc=0x0000017409ec2b43 sp=0x000000609f3fc2c0 mode 0

Classes unloaded (0 events):
No events

Classes redefined (0 events):
No events

Internal exceptions (20 events):
Event: 0.234 Thread 0x000001740260d740 Exception <a 'java/lang/ClassNotFoundException'{0x00000007110d10d0}: EditorPane> (0x00000007110d10d0) 
thrown [t:\workspace\open\src\hotspot\share\classfile\systemDictionary.cpp, line 256]
Event: 0.235 Thread 0x000001740260d740 Exception <a 'java/lang/ClassNotFoundException'{0x00000007110d1a30}: ToolBar> (0x00000007110d1a30) 
thrown [t:\workspace\open\src\hotspot\share\classfile\systemDictionary.cpp, line 256]
Event: 0.235 Thread 0x000001740260d740 Exception <a 'java/lang/ClassNotFoundException'{0x00000007110d1f28}: ToolBar> (0x00000007110d1f28) 
thrown [t:\workspace\open\src\hotspot\share\classfile\systemDictionary.cpp, line 256]
Event: 0.235 Thread 0x000001740260d740 Exception <a 'java/lang/ClassNotFoundException'{0x00000007110d2288}: Button> (0x00000007110d2288) 
thrown [t:\workspace\open\src\hotspot\share\classfile\systemDictionary.cpp, line 256]
Event: 0.235 Thread 0x000001740260d740 Exception <a 'java/lang/ClassNotFoundException'{0x00000007110d2750}: ToolBar> (0x00000007110d2750) 
thrown [t:\workspace\open\src\hotspot\share\classfile\systemDictionary.cpp, line 256]
Event: 0.235 Thread 0x000001740260d740 Exception <a 'java/lang/ClassNotFoundException'{0x00000007110d2ac0}: ToggleButton> (0x00000007110d2ac0) 
thrown [t:\workspace\open\src\hotspot\share\classfile\systemDictionary.cpp, line 256]
Event: 0.235 Thread 0x000001740260d740 Exception <a 'java/lang/ClassNotFoundException'{0x00000007110d2f00}: javax/swing/JToolBarSeparator> (0x00000007110d2f00) 
thrown [t:\workspace\open\src\hotspot\share\classfile\systemDictionary.cpp, line 256]
Event: 0.235 Thread 0x000001740260d740 Exception <a 'java/lang/ClassNotFoundException'{0x00000007110d3208}: ToolBarSeparator> (0x00000007110d3208) 
thrown [t:\workspace\open\src\hotspot\share\classfile\systemDictionary.cpp, line 256]
Event: 0.235 Thread 0x000001740260d740 Exception <a 'java/lang/ClassNotFoundException'{0x00000007110d3720}: ToolTip> (0x00000007110d3720) 
thrown [t:\workspace\open\src\hotspot\share\classfile\systemDictionary.cpp, line 256]
Event: 0.235 Thread 0x000001740260d740 Exception <a 'java/lang/ClassNotFoundException'{0x00000007110d4070}: Tree> (0x00000007110d4070) 
thrown [t:\workspace\open\src\hotspot\share\classfile\systemDictionary.cpp, line 256]
Event: 0.235 Thread 0x000001740260d740 Exception <a 'java/lang/ClassNotFoundException'{0x00000007110d4568}: Tree> (0x00000007110d4568) 
thrown [t:\workspace\open\src\hotspot\share\classfile\systemDictionary.cpp, line 256]
Event: 0.235 Thread 0x000001740260d740 Exception <a 'java/lang/ClassNotFoundException'{0x00000007110d48d8}: javax/swing/JTreeCell> (0x00000007110d48d8) 
thrown [t:\workspace\open\src\hotspot\share\classfile\systemDictionary.cpp, line 256]
Event: 0.235 Thread 0x000001740260d740 Exception <a 'java/lang/ClassNotFoundException'{0x00000007110d4bd8}: TreeCell> (0x00000007110d4bd8) 
thrown [t:\workspace\open\src\hotspot\share\classfile\systemDictionary.cpp, line 256]
Event: 0.236 Thread 0x000001740260d740 Exception <a 'java/lang/ClassNotFoundException'{0x00000007110d5398}: RootPane> (0x00000007110d5398) 
thrown [t:\workspace\open\src\hotspot\share\classfile\systemDictionary.cpp, line 256]
Event: 0.237 Thread 0x000001740260d740 Exception <a 'java/lang/ClassNotFoundException'{0x00000007110d81e8}: com/sun/swing/internal/plaf/metal/resources/spi/metalProvider> (0x00000007110d81e8) 
thrown [t:\workspace\open\src\hotspot\share\classfile\systemDictionary.cpp, line 256]
Event: 0.237 Thread 0x000001740260d740 Exception <a 'java/lang/ClassNotFoundException'{0x00000007110dbdb8}: com/sun/swing/internal/plaf/basic/resources/spi/basicProvider> (0x00000007110dbdb8) 
thrown [t:\workspace\open\src\hotspot\share\classfile\systemDictionary.cpp, line 256]
Event: 0.371 Thread 0x00000174264f2850 Exception <a 'java/lang/ClassNotFoundException'{0x0000000711169fa0}: com/sun/swing/internal/plaf/synth/resources/spi/synthProvider> (0x0000000711169fa0) 
thrown [t:\workspace\open\src\hotspot\share\classfile\systemDictionary.cpp, line 256]
Event: 0.474 Thread 0x0000017427550f50 Exception <a 'java/lang/NoSuchMethodError'{0x0000000710c5aff8}: 'java.lang.Object java.lang.invoke.DirectMethodHandle$Holder.newInvokeSpecial(java.lang.Object, java.lang.Object, java.lang.Object, int, int, int, int, int)'> (0x0000000710c5aff8) 
thrown [t:\workspace\open\src\hotspot\share\interpreter\linkResolver.cpp, line 766]
Event: 0.489 Thread 0x0000017426455d10 Exception <a 'java/lang/NoSuchMethodError'{0x00000007112f13f8}: 'void java.lang.invoke.DirectMethodHandle$Holder.invokeVirtual(java.lang.Object, java.lang.Object)'> (0x00000007112f13f8) 
thrown [t:\workspace\open\src\hotspot\share\interpreter\linkResolver.cpp, line 766]
Event: 0.498 Thread 0x00000174264f2850 Exception <a 'java/lang/NoSuchMethodError'{0x0000000710ec8608}: 'void java.lang.invoke.DirectMethodHandle$Holder.invokeStaticInit(java.lang.Object)'> (0x0000000710ec8608) 
thrown [t:\workspace\open\src\hotspot\share\interpreter\linkResolver.cpp, line 766]

VM Operations (10 events):
Event: 0.087 Executing VM operation: HandshakeAllThreads
Event: 0.087 Executing VM operation: HandshakeAllThreads done
Event: 0.220 Executing VM operation: HandshakeAllThreads
Event: 0.220 Executing VM operation: HandshakeAllThreads done
Event: 0.400 Executing VM operation: HandshakeAllThreads
Event: 0.400 Executing VM operation: HandshakeAllThreads done
Event: 0.613 Executing VM operation: HandshakeAllThreads
Event: 0.613 Executing VM operation: HandshakeAllThreads done
Event: 0.649 Executing VM operation: ICBufferFull
Event: 0.649 Executing VM operation: ICBufferFull done

Events (20 events):
Event: 0.643 loading class sun/java2d/loops/SetDrawRectANY
Event: 0.643 loading class sun/java2d/loops/SetDrawRectANY done
Event: 0.643 loading class sun/java2d/loops/SetDrawPolygonsANY
Event: 0.643 loading class sun/java2d/loops/SetDrawPolygonsANY done
Event: 0.643 loading class sun/java2d/loops/SetDrawPathANY
Event: 0.643 loading class sun/java2d/loops/SetDrawPathANY done
Event: 0.643 loading class sun/java2d/loops/SetFillPathANY
Event: 0.643 loading class sun/java2d/loops/SetFillPathANY done
Event: 0.643 loading class sun/java2d/loops/SetFillSpansANY
Event: 0.643 loading class sun/java2d/loops/SetFillSpansANY done
Event: 0.643 loading class sun/java2d/loops/DrawGlyphList$General
Event: 0.643 loading class sun/java2d/loops/DrawGlyphList$General done
Event: 0.643 loading class sun/java2d/loops/DrawGlyphListAA$General
Event: 0.643 loading class sun/java2d/loops/DrawGlyphListAA$General done
Event: 0.650 loading class javax/swing/tree/DefaultTreeCellRenderer
Event: 0.650 loading class javax/swing/tree/TreeCellRenderer
Event: 0.650 loading class javax/swing/tree/TreeCellRenderer done
Event: 0.650 loading class javax/swing/tree/DefaultTreeCellRenderer done
Event: 0.692 loading class sun/awt/image/BufImgSurfaceManager
Event: 0.692 loading class sun/awt/image/BufImgSurfaceManager done


Dynamic libraries:
0x00007ff778450000 - 0x00007ff778460000 	C:\Program Files\Java\jdk-17.0.2\bin\javaw.exe
0x00007ffe962b0000 - 0x00007ffe964a5000 	C:\Windows\SYSTEM32\ntdll.dll
0x00007ffe94a50000 - 0x00007ffe94b0e000 	C:\Windows\System32\KERNEL32.DLL
0x00007ffe93ca0000 - 0x00007ffe93f68000 	C:\Windows\System32\KERNELBASE.dll
0x00007ffe93ba0000 - 0x00007ffe93ca0000 	C:\Windows\System32\ucrtbase.dll
0x00007ffe8c2d0000 - 0x00007ffe8c2e8000 	C:\Program Files\Java\jdk-17.0.2\bin\jli.dll
0x00007ffe8be50000 - 0x00007ffe8be6a000 	C:\Program Files\Java\jdk-17.0.2\bin\VCRUNTIME140.dll
0x00007ffe954e0000 - 0x00007ffe9558e000 	C:\Windows\System32\ADVAPI32.dll
0x00007ffe949b0000 - 0x00007ffe94a4e000 	C:\Windows\System32\msvcrt.dll
0x00007ffe95110000 - 0x00007ffe951ac000 	C:\Windows\System32\sechost.dll
0x00007ffe95640000 - 0x00007ffe95765000 	C:\Windows\System32\RPCRT4.dll
0x00007ffe95340000 - 0x00007ffe954e0000 	C:\Windows\System32\USER32.dll
0x00007ffe7e390000 - 0x00007ffe7e62a000 	C:\Windows\WinSxS\amd64_microsoft.windows.common-controls_6595b64144ccf1df_6.0.19041.1110_none_60b5254171f9507e\COMCTL32.dll
0x00007ffe93a70000 - 0x00007ffe93a92000 	C:\Windows\System32\win32u.dll
0x00007ffe95ff0000 - 0x00007ffe9601a000 	C:\Windows\System32\GDI32.dll
0x00007ffe93fa0000 - 0x00007ffe940ab000 	C:\Windows\System32\gdi32full.dll
0x00007ffe939d0000 - 0x00007ffe93a6d000 	C:\Windows\System32\msvcp_win.dll
0x00007ffe89a20000 - 0x00007ffe89a2a000 	C:\Windows\SYSTEM32\VERSION.dll
0x00007ffe95610000 - 0x00007ffe95640000 	C:\Windows\System32\IMM32.DLL
0x00007ffe8dff0000 - 0x00007ffe8dffc000 	C:\Program Files\Java\jdk-17.0.2\bin\vcruntime140_1.dll
0x00007ffe8b9c0000 - 0x00007ffe8ba4d000 	C:\Program Files\Java\jdk-17.0.2\bin\msvcp140.dll
0x00007ffe47780000 - 0x00007ffe48341000 	C:\Program Files\Java\jdk-17.0.2\bin\server\jvm.dll
0x00007ffe950e0000 - 0x00007ffe950e8000 	C:\Windows\System32\PSAPI.DLL
0x00007ffe89580000 - 0x00007ffe895a7000 	C:\Windows\SYSTEM32\WINMM.dll
0x00007ffe76a10000 - 0x00007ffe76a19000 	C:\Windows\SYSTEM32\WSOCK32.dll
0x00007ffe94ba0000 - 0x00007ffe94c0b000 	C:\Windows\System32\WS2_32.dll
0x00007ffe91ad0000 - 0x00007ffe91ae2000 	C:\Windows\SYSTEM32\kernel.appcore.dll
0x00007ffe8eb70000 - 0x00007ffe8eb7a000 	C:\Program Files\Java\jdk-17.0.2\bin\jimage.dll
0x00007ffe91240000 - 0x00007ffe91424000 	C:\Windows\SYSTEM32\DBGHELP.DLL
0x00007ffe81a20000 - 0x00007ffe81a4c000 	C:\Windows\SYSTEM32\dbgcore.DLL
0x00007ffe93b10000 - 0x00007ffe93b92000 	C:\Windows\System32\bcryptPrimitives.dll
0x00007ffe8c400000 - 0x00007ffe8c425000 	C:\Program Files\Java\jdk-17.0.2\bin\java.dll
0x00007ffe83070000 - 0x00007ffe83146000 	C:\Program Files\Java\jdk-17.0.2\bin\jsvml.dll
0x00007ffe95770000 - 0x00007ffe95eb4000 	C:\Windows\System32\SHELL32.dll
0x00007ffe91af0000 - 0x00007ffe92284000 	C:\Windows\SYSTEM32\windows.storage.dll
0x00007ffe943c0000 - 0x00007ffe94714000 	C:\Windows\System32\combase.dll
0x00007ffe93440000 - 0x00007ffe9346c000 	C:\Windows\SYSTEM32\Wldp.dll
0x00007ffe94310000 - 0x00007ffe943bd000 	C:\Windows\System32\SHCORE.dll
0x00007ffe95080000 - 0x00007ffe950d5000 	C:\Windows\System32\shlwapi.dll
0x00007ffe93910000 - 0x00007ffe9392f000 	C:\Windows\SYSTEM32\profapi.dll
0x00007ffe8e810000 - 0x00007ffe8e829000 	C:\Program Files\Java\jdk-17.0.2\bin\net.dll
0x00007ffe87480000 - 0x00007ffe8758a000 	C:\Windows\SYSTEM32\WINHTTP.dll
0x00007ffe931a0000 - 0x00007ffe9320a000 	C:\Windows\system32\mswsock.dll
0x00007ffe8c360000 - 0x00007ffe8c376000 	C:\Program Files\Java\jdk-17.0.2\bin\nio.dll
0x00007ffe8c340000 - 0x00007ffe8c358000 	C:\Program Files\Java\jdk-17.0.2\bin\zip.dll
0x00007ffe5b310000 - 0x00007ffe5b49f000 	C:\Program Files\Java\jdk-17.0.2\bin\awt.dll
0x00007ffe95f20000 - 0x00007ffe95fed000 	C:\Windows\System32\OLEAUT32.dll
0x00007ffe90590000 - 0x00007ffe90620000 	C:\Windows\SYSTEM32\apphelp.dll
0x00007ffe90b00000 - 0x00007ffe90b9e000 	C:\Windows\system32\uxtheme.dll
0x00007ffe96150000 - 0x00007ffe96265000 	C:\Windows\System32\MSCTF.dll
0x00007ffe96020000 - 0x00007ffe9614a000 	C:\Windows\System32\ole32.dll
0x00007ffe91510000 - 0x00007ffe9153f000 	C:\Windows\system32\DWMAPI.DLL
0x00007ffe87120000 - 0x00007ffe871a9000 	C:\Program Files\Java\jdk-17.0.2\bin\freetype.dll
0x00007ffe82fc0000 - 0x00007ffe83068000 	C:\Program Files\Java\jdk-17.0.2\bin\fontmanager.dll
0x00007ffe58ff0000 - 0x00007ffe59116000 	C:\Windows\system32\opengl32.dll
0x00007ffe870d0000 - 0x00007ffe870fc000 	C:\Windows\SYSTEM32\GLU32.dll
0x00007ffe839e0000 - 0x00007ffe83baf000 	C:\Windows\system32\d3d9.dll
0x00007ffe89a30000 - 0x00007ffe89b36000 	C:\Windows\System32\DriverStore\FileRepository\nvlti.inf_amd64_0d04d46e99e0e8d9\nvldumdx.dll
0x00007ffe935c0000 - 0x00007ffe935d2000 	C:\Windows\SYSTEM32\msasn1.dll
0x00007ffe899e0000 - 0x00007ffe89a11000 	C:\Windows\SYSTEM32\cryptnet.dll
0x00007ffe940b0000 - 0x00007ffe94206000 	C:\Windows\System32\CRYPT32.dll
0x00007ffe89890000 - 0x00007ffe899d8000 	C:\Windows\SYSTEM32\drvstore.dll
0x00007ffe93780000 - 0x00007ffe937ac000 	C:\Windows\SYSTEM32\devobj.dll
0x00007ffe942c0000 - 0x00007ffe9430e000 	C:\Windows\System32\cfgmgr32.dll
0x00007ffe93390000 - 0x00007ffe9339c000 	C:\Windows\SYSTEM32\cryptbase.dll
0x00007ffe93aa0000 - 0x00007ffe93b08000 	C:\Windows\System32\WINTRUST.DLL
0x00007ffe950f0000 - 0x00007ffe9510d000 	C:\Windows\System32\imagehlp.dll
0x00007ffe933a0000 - 0x00007ffe933b8000 	C:\Windows\SYSTEM32\CRYPTSP.dll
0x00007ffe92ab0000 - 0x00007ffe92ae4000 	C:\Windows\system32\rsaenh.dll
0x00007ffe93f70000 - 0x00007ffe93f97000 	C:\Windows\System32\bcrypt.dll
0x00007ffe26c50000 - 0x00007ffe283d8000 	C:\Windows\System32\DriverStore\FileRepository\nvlti.inf_amd64_0d04d46e99e0e8d9\nvd3dumx.dll
0x00007ffe3d030000 - 0x00007ffe3d2f7000 	C:\Windows\system32\nvspcap64.dll
0x00007ffe926e0000 - 0x00007ffe92713000 	C:\Windows\SYSTEM32\ntmarta.dll
0x00007ffe922a0000 - 0x00007ffe922c3000 	C:\Windows\SYSTEM32\gpapi.dll
0x00007ffe8a990000 - 0x00007ffe8a9cb000 	C:\Windows\SYSTEM32\dxcore.dll
0x00007ffe951b0000 - 0x00007ffe95259000 	C:\Windows\System32\clbcatq.dll
0x00007ffe8cc80000 - 0x00007ffe8ce34000 	C:\Windows\SYSTEM32\WindowsCodecs.dll
0x00007ffe7da00000 - 0x00007ffe7da3e000 	C:\Windows\system32\dataexchange.dll
0x00007ffe8f9e0000 - 0x00007ffe8fbc5000 	C:\Windows\system32\dcomp.dll
0x00007ffe8f1b0000 - 0x00007ffe8f414000 	C:\Windows\system32\d3d11.dll
0x00007ffe922f0000 - 0x00007ffe923e3000 	C:\Windows\system32\dxgi.dll
0x00007ffe8c9c0000 - 0x00007ffe8cbc1000 	C:\Windows\system32\twinapi.appcore.dll
0x00007ffe8bbb0000 - 0x00007ffe8bca9000 	C:\Windows\SYSTEM32\textinputframework.dll
0x00007ffe8fbd0000 - 0x00007ffe8ff2e000 	C:\Windows\System32\CoreUIComponents.dll
0x00007ffe90360000 - 0x00007ffe90452000 	C:\Windows\System32\CoreMessaging.dll
0x00007ffe90640000 - 0x00007ffe90794000 	C:\Windows\SYSTEM32\wintypes.dll

dbghelp: loaded successfully - version: 4.0.5 - missing functions: none
symbol engine: initialized successfully - sym options: 0x614 - pdb path: .;C:\Program Files\Java\jdk-17.0.2\bin;C:\Windows\SYSTEM32;C:\Windows\WinSxS\amd64_microsoft.windows.common-controls_6595b64144ccf1df_6.0.19041.1110_none_60b5254171f9507e;C:\Program Files\Java\jdk-17.0.2\bin\server;C:\Windows\System32\DriverStore\FileRepository\nvlti.inf_amd64_0d04d46e99e0e8d9

VM Arguments:
jvm_args: -Dfile.encoding=UTF-8 -XX:+ShowCodeDetailsInExceptionMessages 
java_command: View.test
java_class_path (initial): C:\Users\quypr\OneDrive\Desktop\QuanLyDaiLy\QuanLyDaiLy\bin;C:\Users\quypr\OneDrive\Desktop\QuanLyDaiLy\QuanLyDaiLy\lib\CopyLibs\org-netbeans-modules-java-j2seproject-copylibstask.jar;C:\Users\quypr\OneDrive\Desktop\QuanLyDaiLy\QuanLyDaiLy\lib\jcalendar-1.4.jar;C:\Users\quypr\OneDrive\Desktop\QuanLyDaiLy\QuanLyDaiLy\lib\ojdbc11.jar
Launcher Type: SUN_STANDARD

[Global flags]
     intx CICompilerCount                          = 4                                         {product} {ergonomic}
     uint ConcGCThreads                            = 3                                         {product} {ergonomic}
     uint G1ConcRefinementThreads                  = 10                                        {product} {ergonomic}
   size_t G1HeapRegionSize                         = 2097152                                   {product} {ergonomic}
    uintx GCDrainStackTargetSize                   = 64                                        {product} {ergonomic}
   size_t InitialHeapSize                          = 268435456                                 {product} {ergonomic}
   size_t MarkStackSize                            = 4194304                                   {product} {ergonomic}
   size_t MaxHeapSize                              = 4271898624                                {product} {ergonomic}
   size_t MaxNewSize                               = 2562719744                                {product} {ergonomic}
   size_t MinHeapDeltaBytes                        = 2097152                                   {product} {ergonomic}
   size_t MinHeapSize                              = 8388608                                   {product} {ergonomic}
    uintx NonNMethodCodeHeapSize                   = 5839372                                {pd product} {ergonomic}
    uintx NonProfiledCodeHeapSize                  = 122909434                              {pd product} {ergonomic}
    uintx ProfiledCodeHeapSize                     = 122909434                              {pd product} {ergonomic}
    uintx ReservedCodeCacheSize                    = 251658240                              {pd product} {ergonomic}
     bool SegmentedCodeCache                       = true                                      {product} {ergonomic}
     bool ShowCodeDetailsInExceptionMessages       = true                                   {manageable} {command line}
   size_t SoftMaxHeapSize                          = 4271898624                             {manageable} {ergonomic}
     bool UseCompressedClassPointers               = true                           {product lp64_product} {ergonomic}
     bool UseCompressedOops                        = true                           {product lp64_product} {ergonomic}
     bool UseG1GC                                  = true                                      {product} {ergonomic}
     bool UseLargePagesIndividualAllocation        = false                                  {pd product} {ergonomic}

Logging:
Log output configuration:
 #0: stdout all=warning uptime,level,tags
 #1: stderr all=off uptime,level,tags

Environment Variables:
PATH=C:/Program Files/Java/jdk-17.0.2/bin/server;C:/Program Files/Java/jdk-17.0.2/bin;C:\Users\quypr\Downloads\oracle\bin;C:\Program Files\Common Files\Oracle\Java\javapath;C:\Program Files\Microsoft MPI\Bin\;C:\Windows\system32;C:\Windows;C:\Windows\System32\Wbem;C:\Windows\System32\WindowsPowerShell\v1.0\;C:\Windows\System32\OpenSSH\;C:\Program Files\Git\cmd;C:\Program Files\Microsoft SQL Server\Client SDK\ODBC\170\Tools\Binn\;C:\Program Files (x86)\Microsoft SQL Server\150\Tools\Binn\;C:\Program Files\Microsoft SQL Server\150\Tools\Binn\;C:\Program Files\Microsoft SQL Server\150\DTS\Binn\;C:\Program Files (x86)\Microsoft SQL Server\150\DTS\Binn\;C:\Program Files\Azure Data Studio\bin;C:\Program Files (x86)\NVIDIA Corporation\PhysX\Common;C:\Program Files\NVIDIA Corporation\NVIDIA NvDLISR;C:\Users\quypr\Anaconda3;C:\Users\quypr\Anaconda3\Library\mingw-w64\bin;C:\Users\quypr\Anaconda3\Library\usr\bin;C:\Users\quypr\Anaconda3\Library\bin;C:\Users\quypr\Anaconda3\Scripts;C:\Users\quypr\AppData\Local\Microsoft\WindowsApps;C:\Users\quypr\AppData\Local\Programs\Microsoft VS Code\bin;C:\Users\quypr\AppData\Local\GitHubDesktop\bin;C:\Program Files\Azure Data Studio\bin;C:\Program Files\CMake\bin;C:\Users\quypr\OneDrive\Desktop;
USERNAME=quypr
OS=Windows_NT
PROCESSOR_IDENTIFIER=Intel64 Family 6 Model 158 Stepping 10, GenuineIntel



---------------  S Y S T E M  ---------------

OS:
 Windows 10 , 64 bit Build 19041 (10.0.19041.1645)
OS uptime: 8 days 22:04 hours

CPU: total 12 (initial active 12) (6 cores per cpu, 2 threads per core) family 6 model 158 stepping 10 microcode 0xec, cx8, cmov, fxsr, ht, mmx, 3dnowpref, sse, sse2, sse3, ssse3, sse4.1, sse4.2, popcnt, lzcnt, tsc, tscinvbit, avx, avx2, aes, erms, clmul, bmi1, bmi2, adx, fma, vzeroupper, clflush, clflushopt

Memory: 4k page, system-wide physical 16294M (4877M free)
TotalPageFile size 38169M (AvailPageFile size 4M)
current process WorkingSet (physical memory assigned to process): 102M, peak: 102M
current process commit charge ("private bytes"): 408M, peak: 408M

vm_info: Java HotSpot(TM) 64-Bit Server VM (17.0.2+8-LTS-86) for windows-amd64 JRE (17.0.2+8-LTS-86), built on Dec  7 2021 21:51:03 by "mach5one" with MS VC++ 16.8 / 16.9 (VS2019)

END.
