#
# There is insufficient memory for the Java Runtime Environment to continue.
# Native memory allocation (mmap) failed to map 268435456 bytes for G1 virtual space
# Possible reasons:
#   The system is out of physical RAM or swap space
#   The process is running with CompressedOops enabled, and the Java Heap may be blocking the growth of the native heap
# Possible solutions:
#   Reduce memory load on the system
#   Increase physical memory or swap space
#   Check if swap backing store is full
#   Decrease Java heap size (-Xmx/-Xms)
#   Decrease number of Java threads
#   Decrease Java thread stack sizes (-Xss)
#   Set larger code cache with -XX:ReservedCodeCacheSize=
#   JVM is running with Zero Based Compressed Oops mode in which the Java heap is
#     placed in the first 32GB address space. The Java Heap base address is the
#     maximum limit for the native heap growth. Please use -XX:HeapBaseMinAddress
#     to set the Java Heap base and to place the Java Heap above 32GB virtual address.
# This output file may be truncated or incomplete.
#
#  Out of Memory Error (os_windows.cpp:3532), pid=1288, tid=21000
#
# JRE version:  (17.0.2+8) (build )
# Java VM: Java HotSpot(TM) 64-Bit Server VM (17.0.2+8-LTS-86, mixed mode, sharing, tiered, compressed oops, compressed class ptrs, g1 gc, windows-amd64)
# No core dump will be written. Minidumps are not enabled by default on client versions of Windows
#

---------------  S U M M A R Y ------------

Command Line: -Dfile.encoding=UTF-8 -XX:+ShowCodeDetailsInExceptionMessages View.HoSoDaiLy

Host: Intel(R) Core(TM) i7-9750H CPU @ 2.60GHz, 12 cores, 15G,  Windows 10 , 64 bit Build 19041 (10.0.19041.1645)
Time: Thu May  5 22:30:42 2022 SE Asia Standard Time elapsed time: 0.009916 seconds (0d 0h 0m 0s)

---------------  T H R E A D  ---------------

Current thread (0x0000021b2bafd310):  JavaThread "Unknown thread" [_thread_in_vm, id=21000, stack(0x000000b92c700000,0x000000b92c800000)]

Stack: [0x000000b92c700000,0x000000b92c800000]
Native frames: (J=compiled Java code, j=interpreted, Vv=VM code, C=native code)
V  [jvm.dll+0x670baa]
V  [jvm.dll+0x7cfcb4]
V  [jvm.dll+0x7d145e]
V  [jvm.dll+0x7d1ac3]
V  [jvm.dll+0x242bc5]
V  [jvm.dll+0x66dac9]
V  [jvm.dll+0x662412]
V  [jvm.dll+0x300c0b]
V  [jvm.dll+0x3081a6]
V  [jvm.dll+0x357d0e]
V  [jvm.dll+0x357f3f]
V  [jvm.dll+0x2d7ec8]
V  [jvm.dll+0x2d8e34]
V  [jvm.dll+0x7a18c1]
V  [jvm.dll+0x365a91]
V  [jvm.dll+0x780d2c]
V  [jvm.dll+0x3e845f]
V  [jvm.dll+0x3e9f01]
C  [jli.dll+0x527b]
C  [ucrtbase.dll+0x21bb2]
C  [KERNEL32.DLL+0x17034]
C  [ntdll.dll+0x52651]


---------------  P R O C E S S  ---------------

Threads class SMR info:
_java_thread_list=0x00007ffe422d9858, length=0, elements={
}

Java Threads: ( => current thread )

Other Threads:
  0x0000021b2bb4dba0 GCTaskThread "GC Thread#0" [stack: 0x000000b92c800000,0x000000b92c900000] [id=31208]
  0x0000021b2bb5e880 ConcurrentGCThread "G1 Main Marker" [stack: 0x000000b92c900000,0x000000b92ca00000] [id=28252]
  0x0000021b2bb5f940 ConcurrentGCThread "G1 Conc#0" [stack: 0x000000b92ca00000,0x000000b92cb00000] [id=32876]

[error occurred during error reporting (printing all threads), id 0xc0000005, EXCEPTION_ACCESS_VIOLATION (0xc0000005) at pc=0x00007ffe41b288a7]

VM state: not at safepoint (not fully initialized)

VM Mutex/Monitor currently owned by a thread:  ([mutex/lock_event])
[0x0000021b2baf80e0] Heap_lock - owner thread: 0x0000021b2bafd310

Heap address: 0x0000000701600000, size: 4074 MB, Compressed Oops mode: Zero based, Oop shift amount: 3

CDS archive(s) mapped at: [0x0000000000000000-0x0000000000000000-0x0000000000000000), size 0, SharedBaseAddress: 0x0000000800000000, ArchiveRelocationMode: 0.
Narrow klass base: 0x0000000000000000, Narrow klass shift: 0, Narrow klass range: 0x0

GC Precious Log:
<Empty>

Heap:
 garbage-first heap   total 0K, used 0K [0x0000000701600000, 0x0000000800000000)
  region size 2048K, 0 young (0K), 0 survivors (0K)

[error occurred during error reporting (printing heap information), id 0xc0000005, EXCEPTION_ACCESS_VIOLATION (0xc0000005) at pc=0x00007ffe41f09f19]

GC Heap History (0 events):
No events

Deoptimization events (0 events):
No events

Classes unloaded (0 events):
No events

Classes redefined (0 events):
No events

Internal exceptions (0 events):
No events

VM Operations (0 events):
No events

Events (1 events):
Event: 0.006 Loaded shared library C:\Program Files\Java\jdk-17.0.2\bin\java.dll


Dynamic libraries:
0x00007ff694c50000 - 0x00007ff694c60000 	C:\Program Files\Java\jdk-17.0.2\bin\javaw.exe
0x00007ffe962b0000 - 0x00007ffe964a5000 	C:\Windows\SYSTEM32\ntdll.dll
0x00007ffe94a50000 - 0x00007ffe94b0e000 	C:\Windows\System32\KERNEL32.DLL
0x00007ffe93ca0000 - 0x00007ffe93f68000 	C:\Windows\System32\KERNELBASE.dll
0x00007ffe93ba0000 - 0x00007ffe93ca0000 	C:\Windows\System32\ucrtbase.dll
0x00007ffe56780000 - 0x00007ffe56798000 	C:\Program Files\Java\jdk-17.0.2\bin\jli.dll
0x00007ffe56760000 - 0x00007ffe5677a000 	C:\Program Files\Java\jdk-17.0.2\bin\VCRUNTIME140.dll
0x00007ffe954e0000 - 0x00007ffe9558e000 	C:\Windows\System32\ADVAPI32.dll
0x00007ffe949b0000 - 0x00007ffe94a4e000 	C:\Windows\System32\msvcrt.dll
0x00007ffe95110000 - 0x00007ffe951ac000 	C:\Windows\System32\sechost.dll
0x00007ffe95640000 - 0x00007ffe95765000 	C:\Windows\System32\RPCRT4.dll
0x00007ffe95340000 - 0x00007ffe954e0000 	C:\Windows\System32\USER32.dll
0x00007ffe7e390000 - 0x00007ffe7e62a000 	C:\Windows\WinSxS\amd64_microsoft.windows.common-controls_6595b64144ccf1df_6.0.19041.1110_none_60b5254171f9507e\COMCTL32.dll
0x00007ffe93a70000 - 0x00007ffe93a92000 	C:\Windows\System32\win32u.dll
0x00007ffe95ff0000 - 0x00007ffe9601a000 	C:\Windows\System32\GDI32.dll
0x00007ffe93fa0000 - 0x00007ffe940ab000 	C:\Windows\System32\gdi32full.dll
0x00007ffe89a20000 - 0x00007ffe89a2a000 	C:\Windows\SYSTEM32\VERSION.dll
0x00007ffe939d0000 - 0x00007ffe93a6d000 	C:\Windows\System32\msvcp_win.dll
0x00007ffe95610000 - 0x00007ffe95640000 	C:\Windows\System32\IMM32.DLL
0x00007ffe7d740000 - 0x00007ffe7d74c000 	C:\Program Files\Java\jdk-17.0.2\bin\vcruntime140_1.dll
0x00007ffe34ff0000 - 0x00007ffe3507d000 	C:\Program Files\Java\jdk-17.0.2\bin\msvcp140.dll
0x00007ffe41840000 - 0x00007ffe42401000 	C:\Program Files\Java\jdk-17.0.2\bin\server\jvm.dll
0x00007ffe950e0000 - 0x00007ffe950e8000 	C:\Windows\System32\PSAPI.DLL
0x00007ffe76a10000 - 0x00007ffe76a19000 	C:\Windows\SYSTEM32\WSOCK32.dll
0x00007ffe89580000 - 0x00007ffe895a7000 	C:\Windows\SYSTEM32\WINMM.dll
0x00007ffe94ba0000 - 0x00007ffe94c0b000 	C:\Windows\System32\WS2_32.dll
0x00007ffe91ad0000 - 0x00007ffe91ae2000 	C:\Windows\SYSTEM32\kernel.appcore.dll
0x00007ffe81f40000 - 0x00007ffe81f4a000 	C:\Program Files\Java\jdk-17.0.2\bin\jimage.dll
0x00007ffe91240000 - 0x00007ffe91424000 	C:\Windows\SYSTEM32\DBGHELP.DLL
0x00007ffe81a20000 - 0x00007ffe81a4c000 	C:\Windows\SYSTEM32\dbgcore.DLL
0x00007ffe93b10000 - 0x00007ffe93b92000 	C:\Windows\System32\bcryptPrimitives.dll
0x00007ffe7cad0000 - 0x00007ffe7caf5000 	C:\Program Files\Java\jdk-17.0.2\bin\java.dll

dbghelp: loaded successfully - version: 4.0.5 - missing functions: none
symbol engine: initialized successfully - sym options: 0x614 - pdb path: .;C:\Program Files\Java\jdk-17.0.2\bin;C:\Windows\SYSTEM32;C:\Windows\WinSxS\amd64_microsoft.windows.common-controls_6595b64144ccf1df_6.0.19041.1110_none_60b5254171f9507e;C:\Program Files\Java\jdk-17.0.2\bin\server

VM Arguments:
jvm_args: -Dfile.encoding=UTF-8 -XX:+ShowCodeDetailsInExceptionMessages 
java_command: View.HoSoDaiLy
java_class_path (initial): C:\Users\quypr\OneDrive\Desktop\QuanLyDaiLy\QuanLyDaiLy\bin;C:\Users\quypr\OneDrive\Desktop\QuanLyDaiLy\QuanLyDaiLy\lib\CopyLibs\org-netbeans-modules-java-j2seproject-copylibstask.jar;C:\Users\quypr\OneDrive\Desktop\QuanLyDaiLy\QuanLyDaiLy\lib\jcalendar-1.4.jar;C:\Users\quypr\OneDrive\Desktop\QuanLyDaiLy\QuanLyDaiLy\lib\ojdbc11.jar
Launcher Type: SUN_STANDARD

[Global flags]
     intx CICompilerCount                          = 4                                         {product} {ergonomic}
     uint ConcGCThreads                            = 3                                         {product} {ergonomic}
     uint G1ConcRefinementThreads                  = 10                                        {product} {ergonomic}
   size_t G1HeapRegionSize                         = 2097152                                   {product} {ergonomic}
    uintx GCDrainStackTargetSize                   = 64                                        {product} {ergonomic}
   size_t InitialHeapSize                          = 268435456                                 {product} {ergonomic}
   size_t MarkStackSize                            = 4194304                                   {product} {ergonomic}
   size_t MaxHeapSize                              = 4271898624                                {product} {ergonomic}
   size_t MinHeapDeltaBytes                        = 2097152                                   {product} {ergonomic}
   size_t MinHeapSize                              = 8388608                                   {product} {ergonomic}
    uintx NonNMethodCodeHeapSize                   = 5839372                                {pd product} {ergonomic}
    uintx NonProfiledCodeHeapSize                  = 122909434                              {pd product} {ergonomic}
    uintx ProfiledCodeHeapSize                     = 122909434                              {pd product} {ergonomic}
    uintx ReservedCodeCacheSize                    = 251658240                              {pd product} {ergonomic}
     bool SegmentedCodeCache                       = true                                      {product} {ergonomic}
     bool ShowCodeDetailsInExceptionMessages       = true                                   {manageable} {command line}
   size_t SoftMaxHeapSize                          = 4271898624                             {manageable} {ergonomic}
     bool UseCompressedClassPointers               = true                           {product lp64_product} {ergonomic}
     bool UseCompressedOops                        = true                           {product lp64_product} {ergonomic}
     bool UseG1GC                                  = true                                      {product} {ergonomic}
     bool UseLargePagesIndividualAllocation        = false                                  {pd product} {ergonomic}

Logging:
Log output configuration:
 #0: stdout all=warning uptime,level,tags
 #1: stderr all=off uptime,level,tags

Environment Variables:
PATH=C:/Program Files/Java/jdk-17.0.2/bin/server;C:/Program Files/Java/jdk-17.0.2/bin;C:\Users\quypr\Downloads\oracle\bin;C:\Program Files\Common Files\Oracle\Java\javapath;C:\Program Files\Microsoft MPI\Bin\;C:\Windows\system32;C:\Windows;C:\Windows\System32\Wbem;C:\Windows\System32\WindowsPowerShell\v1.0\;C:\Windows\System32\OpenSSH\;C:\Program Files\Git\cmd;C:\Program Files\Microsoft SQL Server\Client SDK\ODBC\170\Tools\Binn\;C:\Program Files (x86)\Microsoft SQL Server\150\Tools\Binn\;C:\Program Files\Microsoft SQL Server\150\Tools\Binn\;C:\Program Files\Microsoft SQL Server\150\DTS\Binn\;C:\Program Files (x86)\Microsoft SQL Server\150\DTS\Binn\;C:\Program Files\Azure Data Studio\bin;C:\Program Files (x86)\NVIDIA Corporation\PhysX\Common;C:\Program Files\NVIDIA Corporation\NVIDIA NvDLISR;C:\Users\quypr\Anaconda3;C:\Users\quypr\Anaconda3\Library\mingw-w64\bin;C:\Users\quypr\Anaconda3\Library\usr\bin;C:\Users\quypr\Anaconda3\Library\bin;C:\Users\quypr\Anaconda3\Scripts;C:\Users\quypr\AppData\Local\Microsoft\WindowsApps;C:\Users\quypr\AppData\Local\Programs\Microsoft VS Code\bin;C:\Users\quypr\AppData\Local\GitHubDesktop\bin;C:\Program Files\Azure Data Studio\bin;C:\Program Files\CMake\bin;C:\Users\quypr\OneDrive\Desktop;
USERNAME=quypr
OS=Windows_NT
PROCESSOR_IDENTIFIER=Intel64 Family 6 Model 158 Stepping 10, GenuineIntel



---------------  S Y S T E M  ---------------

OS:
 Windows 10 , 64 bit Build 19041 (10.0.19041.1645)
OS uptime: 7 days 9:28 hours

CPU: total 12 (initial active 12) (6 cores per cpu, 2 threads per core) family 6 model 158 stepping 10 microcode 0xec, cx8, cmov, fxsr, ht, mmx, 3dnowpref, sse, sse2, sse3, ssse3, sse4.1, sse4.2, popcnt, lzcnt, tsc, tscinvbit, avx, avx2, aes, erms, clmul, bmi1, bmi2, adx, fma, vzeroupper, clflush, clflushopt

Memory: 4k page, system-wide physical 16294M (2696M free)
TotalPageFile size 38149M (AvailPageFile size 228M)
current process WorkingSet (physical memory assigned to process): 10M, peak: 10M
current process commit charge ("private bytes"): 64M, peak: 320M

vm_info: Java HotSpot(TM) 64-Bit Server VM (17.0.2+8-LTS-86) for windows-amd64 JRE (17.0.2+8-LTS-86), built on Dec  7 2021 21:51:03 by "mach5one" with MS VC++ 16.8 / 16.9 (VS2019)

END.
